<?xml version="1.0" encoding="UTF-8"?>
<!-- Generated by org.testng.reporters.JUnitReportReporter -->
<testsuite hostname="DESKTOP-1CCS179" failures="0" tests="2" name="com.opencart.testLayer.LoginTest" time="21.398" errors="0" timestamp="2024-06-17T19:06:08 IST" skipped="0">
  <testcase classname="com.opencart.testLayer.LoginTest" name="verifyLoginTestWithInvalidDetails" time="4.728"/>
  <system-out/>
  <testcase classname="com.opencart.testLayer.LoginTest" name="verifyLoginTestWithValidDetails" time="16.670"/>
  <system-out/>
</testsuite> <!-- com.opencart.testLayer.LoginTest -->
